#
# There is insufficient memory for the Java Runtime Environment to continue.
# Native memory allocation (mmap) failed to map 134217728 bytes for Failed to commit area from 0x0000000081600000 to 0x0000000089600000 of length 134217728.
# Possible reasons:
#   The system is out of physical RAM or swap space
#   The process is running with CompressedOops enabled, and the Java Heap may be blocking the growth of the native heap
# Possible solutions:
#   Reduce memory load on the system
#   Increase physical memory or swap space
#   Check if swap backing store is full
#   Decrease Java heap size (-Xmx/-Xms)
#   Decrease number of Java threads
#   Decrease Java thread stack sizes (-Xss)
#   Set larger code cache with -XX:ReservedCodeCacheSize=
# This output file may be truncated or incomplete.
#
#  Out of Memory Error (./open/src/hotspot/os/windows/os_windows.cpp:3275), pid=15948, tid=16888
#
# JRE version:  (11.0.9+7) (build )
# Java VM: Java HotSpot(TM) 64-Bit Server VM (11.0.9+7-LTS, mixed mode, sharing, tiered, compressed oops, g1 gc, windows-amd64)
# No core dump will be written. Minidumps are not enabled by default on client versions of Windows
#

---------------  S U M M A R Y ------------

Command Line: 

Host: Intel(R) Core(TM) i5-8250U CPU @ 1.60GHz, 8 cores, 7G,  Windows 10 , 64 bit Build 18362 (10.0.18362.1316)
Time: Thu Feb  4 17:09:58 2021 Hora Padrão de Buenos Aires elapsed time: 0.014184 seconds (0d 0h 0m 0s)

---------------  T H R E A D  ---------------

Current thread (0x00000253e28c6800):  JavaThread "Unknown thread" [_thread_in_vm, id=16888, stack(0x000000f15d900000,0x000000f15da00000)]

Stack: [0x000000f15d900000,0x000000f15da00000]
Native frames: (J=compiled Java code, j=interpreted, Vv=VM code, C=native code)
V  [jvm.dll+0x611a3a]
V  [jvm.dll+0x748aaf]
V  [jvm.dll+0x74a135]
V  [jvm.dll+0x74a7b3]
V  [jvm.dll+0x2439f8]
V  [jvm.dll+0x60eeda]
V  [jvm.dll+0x603de5]
V  [jvm.dll+0x2f785c]
V  [jvm.dll+0x2f76e2]
V  [jvm.dll+0x2fc396]
V  [jvm.dll+0x33e1df]
V  [jvm.dll+0x33dc10]
V  [jvm.dll+0x2d5aa8]
V  [jvm.dll+0x2d6c06]
V  [jvm.dll+0x724927]
V  [jvm.dll+0x7261cf]
V  [jvm.dll+0x34af59]
V  [jvm.dll+0x70a4a0]
V  [jvm.dll+0x3b415f]
V  [jvm.dll+0x3b6201]
C  [jli.dll+0x520b]
C  [ucrtbase.dll+0x210b2]
C  [KERNEL32.DLL+0x17c24]
C  [ntdll.dll+0x6d4d1]


---------------  P R O C E S S  ---------------

Threads class SMR info:
_java_thread_list=0x00000253e0680d10, length=0, elements={
}

Java Threads: ( => current thread )

Other Threads:
  0x00000253e28dc000 GCTaskThread "GC Thread#0" [stack: 0x000000f15da00000,0x000000f15db00000] [id=14076]
  0x00000253e290e800 ConcurrentGCThread "G1 Main Marker" [stack: 0x000000f15db00000,0x000000f15dc00000] [id=14412]
  0x00000253e2910800 ConcurrentGCThread "G1 Conc#0" [stack: 0x000000f15dc00000,0x000000f15dd00000] [id=11112]

[error occurred during error reporting (printing all threads), id 0xc0000005, EXCEPTION_ACCESS_VIOLATION (0xc0000005) at pc=0x00007ffc906a42a7]

VM state:not at safepoint (not fully initialized)

VM Mutex/Monitor currently owned by a thread:  ([mutex/lock_event])
[0x00000253e28c4d70] Heap_lock - owner thread: 0x00000253e28c6800

Heap address: 0x0000000081600000, size: 2026 MB, Compressed Oops mode: Non-zero based: 0x0000000081600000
Narrow klass base: 0x0000000000000000, Narrow klass shift: 0

GC Heap History (0 events):
No events

Deoptimization events (0 events):
No events

Classes redefined (0 events):
No events

Internal exceptions (0 events):
No events

Events (0 events):
No events


Dynamic libraries:
0x00007ff6de6c0000 - 0x00007ff6de6cf000 	C:\Program Files\Java\jdk-11.0.9\bin\java.exe
0x00007ffcfaec0000 - 0x00007ffcfb0b0000 	C:\WINDOWS\SYSTEM32\ntdll.dll
0x00007ffcf31d0000 - 0x00007ffcf31e2000 	C:\Program Files\AVAST Software\Avast\aswhook.dll
0x00007ffcf9830000 - 0x00007ffcf98e2000 	C:\WINDOWS\System32\KERNEL32.DLL
0x00007ffcf8440000 - 0x00007ffcf86e5000 	C:\WINDOWS\System32\KERNELBASE.dll
0x00007ffcf7eb0000 - 0x00007ffcf7faa000 	C:\WINDOWS\System32\ucrtbase.dll
0x00007ffcedeb0000 - 0x00007ffcedec8000 	C:\Program Files\Java\jdk-11.0.9\bin\jli.dll
0x00007ffcf9b70000 - 0x00007ffcf9c13000 	C:\WINDOWS\System32\ADVAPI32.dll
0x00007ffcfa3a0000 - 0x00007ffcfa43e000 	C:\WINDOWS\System32\msvcrt.dll
0x00007ffcf9560000 - 0x00007ffcf95f7000 	C:\WINDOWS\System32\sechost.dll
0x00007ffcf9cd0000 - 0x00007ffcf9def000 	C:\WINDOWS\System32\RPCRT4.dll
0x00007ffcfa200000 - 0x00007ffcfa394000 	C:\WINDOWS\System32\USER32.dll
0x00007ffcf8ea0000 - 0x00007ffcf8ec1000 	C:\WINDOWS\System32\win32u.dll
0x00007ffcf8f80000 - 0x00007ffcf8fa6000 	C:\WINDOWS\System32\GDI32.dll
0x00007ffcf8150000 - 0x00007ffcf82e8000 	C:\WINDOWS\System32\gdi32full.dll
0x00007ffcf8ed0000 - 0x00007ffcf8f6e000 	C:\WINDOWS\System32\msvcp_win.dll
0x00007ffce1790000 - 0x00007ffce17a5000 	C:\Program Files\Java\jdk-11.0.9\bin\VCRUNTIME140.dll
0x00007ffcda480000 - 0x00007ffcda704000 	C:\WINDOWS\WinSxS\amd64_microsoft.windows.common-controls_6595b64144ccf1df_6.0.18362.1316_none_9e7a364fe461dbd7\COMCTL32.dll
0x00007ffcf9ec0000 - 0x00007ffcfa1f7000 	C:\WINDOWS\System32\combase.dll
0x00007ffcf8010000 - 0x00007ffcf8091000 	C:\WINDOWS\System32\bcryptPrimitives.dll
0x00007ffcf2410000 - 0x00007ffcf241a000 	C:\WINDOWS\SYSTEM32\VERSION.dll
0x00007ffcf9b40000 - 0x00007ffcf9b6e000 	C:\WINDOWS\System32\IMM32.DLL
0x00007ffcbec50000 - 0x00007ffcbeceb000 	C:\Program Files\Java\jdk-11.0.9\bin\msvcp140.dll
0x00007ffc903c0000 - 0x00007ffc90eb7000 	C:\Program Files\Java\jdk-11.0.9\bin\server\jvm.dll
0x00007ffcf99c0000 - 0x00007ffcf99c8000 	C:\WINDOWS\System32\PSAPI.DLL
0x00007ffce5ed0000 - 0x00007ffce5ed9000 	C:\WINDOWS\SYSTEM32\WSOCK32.dll
0x00007ffcf98f0000 - 0x00007ffcf995f000 	C:\WINDOWS\System32\WS2_32.dll
0x00007ffcf5bd0000 - 0x00007ffcf5bf4000 	C:\WINDOWS\SYSTEM32\WINMM.dll
0x00007ffcf5ba0000 - 0x00007ffcf5bcd000 	C:\WINDOWS\SYSTEM32\WINMMBASE.dll
0x00007ffcf7e60000 - 0x00007ffcf7eaa000 	C:\WINDOWS\System32\cfgmgr32.dll
0x00007ffcf7df0000 - 0x00007ffcf7e01000 	C:\WINDOWS\System32\kernel.appcore.dll
0x00007ffcef9e0000 - 0x00007ffcef9f0000 	C:\Program Files\Java\jdk-11.0.9\bin\verify.dll
0x00007ffcf6730000 - 0x00007ffcf6924000 	C:\WINDOWS\SYSTEM32\DBGHELP.DLL
0x00007ffcf18d0000 - 0x00007ffcf18fa000 	C:\WINDOWS\SYSTEM32\dbgcore.DLL
0x00007ffce1760000 - 0x00007ffce1788000 	C:\Program Files\Java\jdk-11.0.9\bin\java.dll
0x00007ffcef7a0000 - 0x00007ffcef7aa000 	C:\Program Files\Java\jdk-11.0.9\bin\jimage.dll
0x00007ffccf8f0000 - 0x00007ffccf906000 	C:\Program Files\Java\jdk-11.0.9\bin\zip.dll

dbghelp: loaded successfully - version: 4.0.5 - missing functions: none
symbol engine: initialized successfully - sym options: 0x614 - pdb path: .;C:\Program Files\Java\jdk-11.0.9\bin;C:\WINDOWS\SYSTEM32;C:\Program Files\AVAST Software\Avast;C:\WINDOWS\WinSxS\amd64_microsoft.windows.common-controls_6595b64144ccf1df_6.0.18362.1316_none_9e7a364fe461dbd7;C:\Program Files\Java\jdk-11.0.9\bin\server

VM Arguments:
java_command: <unknown>
java_class_path (initial): <not set>
Launcher Type: SUN_STANDARD

[Global flags]
     intx CICompilerCount                          = 4                                         {product} {ergonomic}
     uint ConcGCThreads                            = 2                                         {product} {ergonomic}
     uint G1ConcRefinementThreads                  = 8                                         {product} {ergonomic}
   size_t G1HeapRegionSize                         = 1048576                                   {product} {ergonomic}
    uintx GCDrainStackTargetSize                   = 64                                        {product} {ergonomic}
   size_t InitialHeapSize                          = 134217728                                 {product} {ergonomic}
   size_t MarkStackSize                            = 4194304                                   {product} {ergonomic}
   size_t MaxHeapSize                              = 2124414976                                {product} {ergonomic}
   size_t MinHeapDeltaBytes                        = 1048576                                   {product} {ergonomic}
    uintx NonNMethodCodeHeapSize                   = 5836300                                {pd product} {ergonomic}
    uintx NonProfiledCodeHeapSize                  = 122910970                              {pd product} {ergonomic}
    uintx ProfiledCodeHeapSize                     = 122910970                              {pd product} {ergonomic}
    uintx ReservedCodeCacheSize                    = 251658240                              {pd product} {ergonomic}
     bool SegmentedCodeCache                       = true                                      {product} {ergonomic}
     bool UseCompressedClassPointers               = true                                 {lp64_product} {ergonomic}
     bool UseCompressedOops                        = true                                 {lp64_product} {ergonomic}
     bool UseG1GC                                  = true                                      {product} {ergonomic}
     bool UseLargePagesIndividualAllocation        = false                                  {pd product} {ergonomic}

Logging:
Log output configuration:
 #0: stdout all=warning uptime,level,tags
 #1: stderr all=off uptime,level,tags

Environment Variables:
JAVA_HOME=C:\Program Files\Java\jdk-11.0.9
PATH=C:\wamp\bin\mysql\mysql5.6.17\bin;C:\Program Files\Java\jdk-11.0.9\bin;C:\Program Files\Common Files\Oracle\Java\javapath;C:\Users\sirco\AppData\Local\Microsoft\WindowsApps;C:\Program Files\Java\jdk-11.0.9\bin;C:\Users\sirco\AppData\Roaming\npm;C:\Users\sirco\AppData\Local\Programs\Microsoft VS Code\bin;C:\Program Files (x86)\GnuWin32\bin;
USERNAME=sirco
OS=Windows_NT
PROCESSOR_IDENTIFIER=Intel64 Family 6 Model 142 Stepping 10, GenuineIntel



---------------  S Y S T E M  ---------------

OS: Windows 10 , 64 bit Build 18362 (10.0.18362.1316)

CPU:total 8 (initial active 8) (4 cores per cpu, 2 threads per core) family 6 model 142 stepping 10, cmov, cx8, fxsr, mmx, sse, sse2, sse3, ssse3, sse4.1, sse4.2, popcnt, avx, avx2, aes, clmul, erms, 3dnowpref, lzcnt, ht, tsc, tscinvbit, bmi1, bmi2, adx, fma

Memory: 4k page, system-wide physical 8101M (1761M free)
TotalPageFile size 32677M (AvailPageFile size 14M)
current process WorkingSet (physical memory assigned to process): 10M, peak: 10M
current process commit charge ("private bytes"): 60M, peak: 188M

vm_info: Java HotSpot(TM) 64-Bit Server VM (11.0.9+7-LTS) for windows-amd64 JRE (11.0.9+7-LTS), built on Sep 15 2020 16:47:03 by "mach5one" with MS VC++ 15.9 (VS2017)

END.
